Virtual User Script started at: 25.03.2020 14:32:26
Starting action vuser_init.
Web Turbo Replay of LoadRunner 12.55.0 for Windows 8.1; build 911 (èþë 24 2017 19:46:00)  	[MsgId: MMSG-26983]
Run mode: HTML  	[MsgId: MMSG-26993]
Replay user agent: Mozilla/5.0 (Windows NT 6.3; Win64; x64) AppleWebKit/537.36 (KHTML, like Gecko) Chrome/80.0.3987.149 Safari/537.36  	[MsgId: MMSG-26988]
Run-Time Settings file: "C:\Users\Armaev\Documents\VuGen\Scripts\Script2\\default.cfg"  	[MsgId: MMSG-27141]
Ending action vuser_init.
Running Vuser...
Starting iteration 1.
Maximum number of concurrent connections per server: 6  	[MsgId: MMSG-26989]
Starting action Action.
Action.c(4): web_set_sockets_option started  	[MsgId: MMSG-26355]
Action.c(4): web_set_sockets_option was successful  	[MsgId: MMSG-26392]
Action.c(9): web_reg_save_param started  	[MsgId: MMSG-26355]
Action.c(9): Registering web_reg_save_param was successful  	[MsgId: MMSG-26390]
Action.c(15): web_url("WebTours") started  	[MsgId: MMSG-26355]
Action.c(15): Detected non-resource "http://localhost:1080/WebTours/header.html" in "http://localhost:1080/WebTours/"  	[MsgId: MMSG-26574]
Action.c(15): Detected non-resource "http://localhost:1080/cgi-bin/welcome.pl?signOff=true" in "http://localhost:1080/WebTours/"  	[MsgId: MMSG-26574]
Action.c(15): Found resource "http://localhost:1080/WebTours/images/hp_logo.png" in HTML "http://localhost:1080/WebTours/header.html"  	[MsgId: MMSG-26659]
Action.c(15): Found resource "http://localhost:1080/WebTours/images/webtours.png" in HTML "http://localhost:1080/WebTours/header.html"  	[MsgId: MMSG-26659]
Action.c(15): Detected non-resource "http://localhost:1080/cgi-bin/nav.pl?in=home" in "http://localhost:1080/cgi-bin/welcome.pl?signOff=true"  	[MsgId: MMSG-26574]
Action.c(15): Detected non-resource "http://localhost:1080/WebTours/home.html" in "http://localhost:1080/cgi-bin/welcome.pl?signOff=true"  	[MsgId: MMSG-26574]
Action.c(15): Found resource "http://localhost:1080/WebTours/images/mer_login.gif" in HTML "http://localhost:1080/cgi-bin/nav.pl?in=home"  	[MsgId: MMSG-26659]
Action.c(15): web_url("WebTours") was successful, 11479 body bytes, 2445 header bytes, 24 chunking overhead bytes  	[MsgId: MMSG-26385]
Action.c(27): Notify: Transaction "0_transaction_Script_2" started.
Action.c(29): Notify: Transaction "1_transaction_Login" started.
Action.c(31): Think time - Waiting 5,00 seconds (according to limit).
Action.c(31): lr_think_time: 5,00 seconds (recorded think time was 7,00 seconds).
Action.c(33): web_submit_data("login.pl") started  	[MsgId: MMSG-26355]
Action.c(33): web_submit_data("login.pl") was successful, 795 body bytes, 229 header bytes, 12 chunking overhead bytes  	[MsgId: MMSG-26385]
Action.c(50): Notify: Transaction "1_transaction_Login" ended with a "Pass" status (Duration: 5,1006 Think Time: 5,0068 Wasted Time: 0,0047).
Action.c(52): Think time - Waiting 5,00 seconds (according to limit).
Action.c(52): lr_think_time: 5,00 seconds (recorded think time was 15,00 seconds).
Action.c(54): Notify: Transaction "2_transaction_Flights" started.
Action.c(56): Think time - Waiting 5,00 seconds (according to limit).
Action.c(56): lr_think_time: 5,00 seconds (recorded think time was 13,00 seconds).
Action.c(58): web_url("welcome.pl") started  	[MsgId: MMSG-26355]
Action.c(58): Detected non-resource "http://localhost:1080/cgi-bin/nav.pl?page=menu&in=flights" in "http://localhost:1080/cgi-bin/welcome.pl?page=search"  	[MsgId: MMSG-26574]
Action.c(58): Detected non-resource "http://localhost:1080/cgi-bin/reservations.pl?page=welcome" in "http://localhost:1080/cgi-bin/welcome.pl?page=search"  	[MsgId: MMSG-26574]
Action.c(58): Found resource "http://localhost:1080/WebTours/images/in_flights.gif" in HTML "http://localhost:1080/cgi-bin/nav.pl?page=menu&in=flights"  	[MsgId: MMSG-26659]
Action.c(58): Found resource "http://localhost:1080/WebTours/images/itinerary.gif" in HTML "http://localhost:1080/cgi-bin/nav.pl?page=menu&in=flights"  	[MsgId: MMSG-26659]
Action.c(58): Found resource "http://localhost:1080/WebTours/images/home.gif" in HTML "http://localhost:1080/cgi-bin/nav.pl?page=menu&in=flights"  	[MsgId: MMSG-26659]
Action.c(58): Found resource "http://localhost:1080/WebTours/images/signoff.gif" in HTML "http://localhost:1080/cgi-bin/nav.pl?page=menu&in=flights"  	[MsgId: MMSG-26659]
Action.c(58): Found resource "http://localhost:1080/WebTours/images/button_next.gif" in HTML "http://localhost:1080/cgi-bin/reservations.pl?page=welcome"  	[MsgId: MMSG-26659]
Action.c(58): web_url("welcome.pl") was successful, 10000 body bytes, 2224 header bytes, 43 chunking overhead bytes  	[MsgId: MMSG-26385]
Action.c(68): Notify: Transaction "2_transaction_Flights" ended with a "Pass" status (Duration: 5,1786 Think Time: 5,0069 Wasted Time: 0,0070).
Action.c(70): Notify: Transaction "3_transaction_Flight_Info" started.
Action.c(72): Think time - Waiting 5,00 seconds (according to limit).
Action.c(72): lr_think_time: 5,00 seconds (recorded think time was 46,00 seconds).
Action.c(74): web_submit_data("reservations.pl") started  	[MsgId: MMSG-26355]
Action.c(74): web_submit_data("reservations.pl") was successful, 717 body bytes, 256 header bytes, 12 chunking overhead bytes  	[MsgId: MMSG-26385]
Action.c(99): Notify: Transaction "3_transaction_Flight_Info" ended with a "Pass" status (Duration: 5,0951 Think Time: 5,0013 Wasted Time: 0,0044).
Action.c(101): Notify: Transaction "4_transaction_Select_Time" started.
Action.c(103): Think time - Waiting 5,00 seconds (according to limit).
Action.c(103): lr_think_time: 5,00 seconds (recorded think time was 27,00 seconds).
Action.c(105): web_submit_data("reservations.pl_2") started  	[MsgId: MMSG-26355]
Action.c(105): Resource "http://localhost:1080/WebTours/images/button_next.gif" is in the cache already and will not be downloaded again  	[MsgId: MMSG-26655]
Action.c(105): web_submit_data("reservations.pl_2") was successful, 2656 body bytes, 256 header bytes, 12 chunking overhead bytes  	[MsgId: MMSG-26385]
Action.c(124): Notify: Transaction "4_transaction_Select_Time" ended with a "Pass" status (Duration: 5,1035 Think Time: 5,0091 Wasted Time: 0,0044).
Action.c(126): Notify: Transaction "5_transaction_Payment" started.
Action.c(128): Think time - Waiting 5,00 seconds (according to limit).
Action.c(128): lr_think_time: 5,00 seconds (recorded think time was 53,00 seconds).
Action.c(130): web_submit_data("reservations.pl_3") started  	[MsgId: MMSG-26355]
Action.c(130): Found resource "http://localhost:1080/WebTours/images/bookanother.gif" in HTML "http://localhost:1080/cgi-bin/reservations.pl"  	[MsgId: MMSG-26659]
Action.c(130): web_submit_data("reservations.pl_3") was successful, 3356 body bytes, 624 header bytes, 12 chunking overhead bytes  	[MsgId: MMSG-26385]
Action.c(160): Notify: Transaction "5_transaction_Payment" ended with a "Pass" status (Duration: 5,0825 Think Time: 5,0023 Wasted Time: 0,0044).
Action.c(162): Notify: Transaction "6_transaction_Itinerary" started.
Action.c(164): Think time - Waiting 5,00 seconds (according to limit).
Action.c(164): lr_think_time: 5,00 seconds (recorded think time was 33,00 seconds).
Action.c(166): web_url("welcome.pl_2") started  	[MsgId: MMSG-26355]
Action.c(166): Detected non-resource "http://localhost:1080/cgi-bin/nav.pl?page=menu&in=itinerary" in "http://localhost:1080/cgi-bin/welcome.pl?page=itinerary"  	[MsgId: MMSG-26574]
Action.c(166): Detected non-resource "http://localhost:1080/cgi-bin/itinerary.pl" in "http://localhost:1080/cgi-bin/welcome.pl?page=itinerary"  	[MsgId: MMSG-26574]
Action.c(166): Found resource "http://localhost:1080/WebTours/images/flights.gif" in HTML "http://localhost:1080/cgi-bin/nav.pl?page=menu&in=itinerary"  	[MsgId: MMSG-26659]
Action.c(166): Found resource "http://localhost:1080/WebTours/images/in_itinerary.gif" in HTML "http://localhost:1080/cgi-bin/nav.pl?page=menu&in=itinerary"  	[MsgId: MMSG-26659]
Action.c(166): Resource "http://localhost:1080/WebTours/images/home.gif" is in the cache already and will not be downloaded again  	[MsgId: MMSG-26655]
Action.c(166): Resource "http://localhost:1080/WebTours/images/signoff.gif" is in the cache already and will not be downloaded again  	[MsgId: MMSG-26655]
Action.c(166): web_url("welcome.pl_2") was successful, 4419 body bytes, 1327 header bytes, 36 chunking overhead bytes  	[MsgId: MMSG-26385]
Action.c(176): Notify: Transaction "6_transaction_Itinerary" ended with a "Pass" status (Duration: 5,1196 Think Time: 5,0080 Wasted Time: 0,0058).
Action.c(178): Notify: Transaction "7_transaction_Logoff" started.
Action.c(180): Think time - Waiting 5,00 seconds (according to limit).
Action.c(180): lr_think_time: 5,00 seconds (recorded think time was 22,00 seconds).
Action.c(182): web_url("SignOff Button") started  	[MsgId: MMSG-26355]
Action.c(182): Detected non-resource "http://localhost:1080/cgi-bin/nav.pl?in=home" in "http://localhost:1080/cgi-bin/welcome.pl?signOff=1"  	[MsgId: MMSG-26574]
Action.c(182): Detected non-resource "http://localhost:1080/WebTours/home.html" in "http://localhost:1080/cgi-bin/welcome.pl?signOff=1"  	[MsgId: MMSG-26574]
Action.c(182): Retrieving data from cache for "http://localhost:1080/WebTours/home.html"  	[MsgId: MMSG-26558]
Action.c(182): Resource "http://localhost:1080/WebTours/images/mer_login.gif" is in the cache already and will not be downloaded again  	[MsgId: MMSG-26655]
Action.c(182): web_url("SignOff Button") was successful, 3579 body bytes, 646 header bytes, 24 chunking overhead bytes  	[MsgId: MMSG-26385]
Action.c(192): Notify: Transaction "7_transaction_Logoff" ended with a "Pass" status (Duration: 5,1051 Think Time: 5,0020 Wasted Time: 0,0057).
Action.c(194): Notify: Transaction "0_transaction_Script_2" ended with a "Pass" status (Duration: 40,8822 Think Time: 40,0467 Wasted Time: 0,0363).
Ending action Action.
Ending iteration 1.
Ending Vuser...
Starting action vuser_end.
Ending action vuser_end.
Vuser Terminated.
