Virtual User Script started at: 25.03.2020 14:52:42
Starting action vuser_init.
Web Turbo Replay of LoadRunner 12.55.0 for Windows 8.1; build 911 (èþë 24 2017 19:46:00)  	[MsgId: MMSG-26983]
Run mode: HTML  	[MsgId: MMSG-26993]
Replay user agent: Mozilla/5.0 (Windows NT 6.3; Win64; x64) AppleWebKit/537.36 (KHTML, like Gecko) Chrome/80.0.3987.149 Safari/537.36  	[MsgId: MMSG-26988]
Run-Time Settings file: "C:\Users\Armaev\Documents\VuGen\Scripts\Script5\\default.cfg"  	[MsgId: MMSG-27141]
Ending action vuser_init.
Running Vuser...
Starting iteration 1.
Maximum number of concurrent connections per server: 6  	[MsgId: MMSG-26989]
Starting action Action.
Action.c(7): web_reg_save_param started  	[MsgId: MMSG-26355]
Action.c(7): Registering web_reg_save_param was successful  	[MsgId: MMSG-26390]
Action.c(13): web_url("WebTours") started  	[MsgId: MMSG-26355]
Action.c(13): Detected non-resource "http://localhost:1080/WebTours/header.html" in "http://localhost:1080/WebTours/"  	[MsgId: MMSG-26574]
Action.c(13): Detected non-resource "http://localhost:1080/cgi-bin/welcome.pl?signOff=true" in "http://localhost:1080/WebTours/"  	[MsgId: MMSG-26574]
Action.c(13): Found resource "http://localhost:1080/WebTours/images/hp_logo.png" in HTML "http://localhost:1080/WebTours/header.html"  	[MsgId: MMSG-26659]
Action.c(13): Found resource "http://localhost:1080/WebTours/images/webtours.png" in HTML "http://localhost:1080/WebTours/header.html"  	[MsgId: MMSG-26659]
Action.c(13): Detected non-resource "http://localhost:1080/cgi-bin/nav.pl?in=home" in "http://localhost:1080/cgi-bin/welcome.pl?signOff=true"  	[MsgId: MMSG-26574]
Action.c(13): Detected non-resource "http://localhost:1080/WebTours/home.html" in "http://localhost:1080/cgi-bin/welcome.pl?signOff=true"  	[MsgId: MMSG-26574]
Action.c(13): Found resource "http://localhost:1080/WebTours/images/mer_login.gif" in HTML "http://localhost:1080/cgi-bin/nav.pl?in=home"  	[MsgId: MMSG-26659]
Action.c(13): web_url("WebTours") was successful, 11465 body bytes, 2445 header bytes, 24 chunking overhead bytes  	[MsgId: MMSG-26385]
Action.c(23): Notify: Transaction "0_transaction_Script_5" started.
Action.c(25): Notify: Transaction "1_transaction_Login" started.
Action.c(27): web_submit_data("login.pl") started  	[MsgId: MMSG-26355]
Action.c(27): web_submit_data("login.pl") was successful, 795 body bytes, 228 header bytes, 12 chunking overhead bytes  	[MsgId: MMSG-26385]
Action.c(44): Notify: Transaction "1_transaction_Login" ended with a "Pass" status (Duration: 0,0710 Wasted Time: 0,0041).
Action.c(46): Notify: Transaction "2_transaction_Flights" started.
Action.c(48): Think time - Waiting 5,00 seconds (according to limit).
Action.c(48): lr_think_time: 5,00 seconds (recorded think time was 22,00 seconds).
Action.c(50): web_url("Search Flights Button") started  	[MsgId: MMSG-26355]
Action.c(50): Detected non-resource "http://localhost:1080/cgi-bin/nav.pl?page=menu&in=flights" in "http://localhost:1080/cgi-bin/welcome.pl?page=search"  	[MsgId: MMSG-26574]
Action.c(50): Detected non-resource "http://localhost:1080/cgi-bin/reservations.pl?page=welcome" in "http://localhost:1080/cgi-bin/welcome.pl?page=search"  	[MsgId: MMSG-26574]
Action.c(50): Found resource "http://localhost:1080/WebTours/images/in_flights.gif" in HTML "http://localhost:1080/cgi-bin/nav.pl?page=menu&in=flights"  	[MsgId: MMSG-26659]
Action.c(50): Found resource "http://localhost:1080/WebTours/images/itinerary.gif" in HTML "http://localhost:1080/cgi-bin/nav.pl?page=menu&in=flights"  	[MsgId: MMSG-26659]
Action.c(50): Found resource "http://localhost:1080/WebTours/images/home.gif" in HTML "http://localhost:1080/cgi-bin/nav.pl?page=menu&in=flights"  	[MsgId: MMSG-26659]
Action.c(50): Found resource "http://localhost:1080/WebTours/images/signoff.gif" in HTML "http://localhost:1080/cgi-bin/nav.pl?page=menu&in=flights"  	[MsgId: MMSG-26659]
Action.c(50): Found resource "http://localhost:1080/WebTours/images/button_next.gif" in HTML "http://localhost:1080/cgi-bin/reservations.pl?page=welcome"  	[MsgId: MMSG-26659]
Action.c(50): web_url("Search Flights Button") was successful, 10000 body bytes, 2224 header bytes, 43 chunking overhead bytes  	[MsgId: MMSG-26385]
Action.c(60): Notify: Transaction "2_transaction_Flights" ended with a "Pass" status (Duration: 5,1765 Think Time: 5,0044 Wasted Time: 0,0061).
Action.c(62): Notify: Transaction "3_transaction_Logoff" started.
Action.c(64): Think time - Waiting 5,00 seconds (according to limit).
Action.c(64): lr_think_time: 5,00 seconds (recorded think time was 22,00 seconds).
Action.c(66): web_url("welcome.pl") started  	[MsgId: MMSG-26355]
Action.c(66): Detected non-resource "http://localhost:1080/cgi-bin/nav.pl?in=home" in "http://localhost:1080/cgi-bin/welcome.pl?signOff=1"  	[MsgId: MMSG-26574]
Action.c(66): Detected non-resource "http://localhost:1080/WebTours/home.html" in "http://localhost:1080/cgi-bin/welcome.pl?signOff=1"  	[MsgId: MMSG-26574]
Action.c(66): Retrieving data from cache for "http://localhost:1080/WebTours/home.html"  	[MsgId: MMSG-26558]
Action.c(66): Resource "http://localhost:1080/WebTours/images/mer_login.gif" is in the cache already and will not be downloaded again  	[MsgId: MMSG-26655]
Action.c(66): web_url("welcome.pl") was successful, 3573 body bytes, 646 header bytes, 24 chunking overhead bytes  	[MsgId: MMSG-26385]
Action.c(76): Notify: Transaction "3_transaction_Logoff" ended with a "Pass" status (Duration: 5,1312 Think Time: 5,0061 Wasted Time: 0,0051).
Action.c(78): Notify: Transaction "0_transaction_Script_5" ended with a "Pass" status (Duration: 10,4413 Think Time: 10,0106 Wasted Time: 0,0154).
Ending action Action.
Ending iteration 1.
Ending Vuser...
Starting action vuser_end.
Ending action vuser_end.
Vuser Terminated.
