Virtual User Script started at: 27.03.2020 22:52:16
Starting action vuser_init.
Web Turbo Replay of LoadRunner 12.55.0 for Windows 8.1; build 911 (èþë 24 2017 19:46:00)  	[MsgId: MMSG-26983]
Run mode: HTML  	[MsgId: MMSG-26993]
Replay user agent: Mozilla/5.0 (Windows) AppleWebKit/535.2 (KHTML, like Gecko) Chrome/15.0.860.0  	[MsgId: MMSG-26988]
Run-Time Settings file: "C:\Users\Armaev\Documents\VuGen\Scripts\Script1\\default.cfg"  	[MsgId: MMSG-27141]
Ending action vuser_init.
Running Vuser...
Starting iteration 1.
Maximum number of concurrent connections per server: 6  	[MsgId: MMSG-26989]
Starting action Action.
Action.c(3): Notify: Transaction "transaction_Login-Buy-Exit" started.
Action.c(5): web_reg_find started  	[MsgId: MMSG-26355]
Action.c(5): Registering web_reg_find was successful  	[MsgId: MMSG-26390]
Action.c(10): web_reg_save_param started  	[MsgId: MMSG-26355]
Action.c(10): Registering web_reg_save_param was successful  	[MsgId: MMSG-26390]
Action.c(15): web_url("WebTours") started  	[MsgId: MMSG-26355]
Action.c(15): Detected non-resource "http://localhost:1080/WebTours/header.html" in "http://localhost:1080/WebTours/"  	[MsgId: MMSG-26574]
Action.c(15): Detected non-resource "http://localhost:1080/cgi-bin/welcome.pl?signOff=true" in "http://localhost:1080/WebTours/"  	[MsgId: MMSG-26574]
Action.c(15): Found resource "http://localhost:1080/WebTours/images/hp_logo.png" in HTML "http://localhost:1080/WebTours/header.html"  	[MsgId: MMSG-26659]
Action.c(15): Found resource "http://localhost:1080/WebTours/images/webtours.png" in HTML "http://localhost:1080/WebTours/header.html"  	[MsgId: MMSG-26659]
Action.c(15): Detected non-resource "http://localhost:1080/cgi-bin/nav.pl?in=home" in "http://localhost:1080/cgi-bin/welcome.pl?signOff=true"  	[MsgId: MMSG-26574]
Action.c(15): Detected non-resource "http://localhost:1080/WebTours/home.html" in "http://localhost:1080/cgi-bin/welcome.pl?signOff=true"  	[MsgId: MMSG-26574]
Action.c(15): Notify: Saving Parameter "userSession = 128419.500769542zzAffHipAHAiDDDDDQzDDptzitcf".
Action.c(15): Found resource "http://localhost:1080/WebTours/images/mer_login.gif" in HTML "http://localhost:1080/cgi-bin/nav.pl?in=home"  	[MsgId: MMSG-26659]
Action.c(15): Registered web_reg_find successful for "Text=Welcome to the Web Tours site." (count=1)  	[MsgId: MMSG-26364]
Action.c(15): web_url("WebTours") was successful, 10080 body bytes, 2371 header bytes, 24 chunking overhead bytes  	[MsgId: MMSG-26385]
Action.c(27): Notify: Transaction "1_transaction_Login" started.
Action.c(29): web_reg_find started  	[MsgId: MMSG-26355]
Action.c(29): Registering web_reg_find was successful  	[MsgId: MMSG-26390]
Action.c(31): web_submit_data("login.pl") started  	[MsgId: MMSG-26355]
Action.c(31): Notify: Parameter Substitution: parameter "userSession" =  "128419.500769542zzAffHipAHAiDDDDDQzDDptzitcf"
Action.c(31): Notify: Parameter Substitution: parameter "Login" =  "player1"
Action.c(31): Notify: Parameter Substitution: parameter "Password" =  "pass1"
Action.c(31): Detected non-resource "http://localhost:1080/cgi-bin/nav.pl?page=menu&in=home" in "http://localhost:1080/cgi-bin/login.pl"  	[MsgId: MMSG-26574]
Action.c(31): Detected non-resource "http://localhost:1080/cgi-bin/login.pl?intro=true" in "http://localhost:1080/cgi-bin/login.pl"  	[MsgId: MMSG-26574]
Action.c(31): Found resource "http://localhost:1080/WebTours/images/flights.gif" in HTML "http://localhost:1080/cgi-bin/nav.pl?page=menu&in=home"  	[MsgId: MMSG-26659]
Action.c(31): Found resource "http://localhost:1080/WebTours/images/itinerary.gif" in HTML "http://localhost:1080/cgi-bin/nav.pl?page=menu&in=home"  	[MsgId: MMSG-26659]
Action.c(31): Found resource "http://localhost:1080/WebTours/images/in_home.gif" in HTML "http://localhost:1080/cgi-bin/nav.pl?page=menu&in=home"  	[MsgId: MMSG-26659]
Action.c(31): Found resource "http://localhost:1080/WebTours/images/signoff.gif" in HTML "http://localhost:1080/cgi-bin/nav.pl?page=menu&in=home"  	[MsgId: MMSG-26659]
Action.c(31): Registered web_reg_find successful for "Text=Welcome" (count=2)  	[MsgId: MMSG-26364]
Action.c(31): web_submit_data("login.pl") was successful, 5782 body bytes, 2060 header bytes, 36 chunking overhead bytes  	[MsgId: MMSG-26385]
Action.c(48): Notify: Transaction "1_transaction_Login" ended with a "Pass" status (Duration: 0,1396 Wasted Time: 0,0066).
Action.c(50): lr_think_time: 5,00 seconds.
Action.c(52): Notify: Transaction "2_transaction_Flights" started.
Action.c(54): web_reg_find started  	[MsgId: MMSG-26355]
Action.c(54): Registering web_reg_find was successful  	[MsgId: MMSG-26390]
Action.c(56): web_url("welcome.pl") started  	[MsgId: MMSG-26355]
Action.c(56): Detected non-resource "http://localhost:1080/cgi-bin/nav.pl?page=menu&in=flights" in "http://localhost:1080/cgi-bin/welcome.pl?page=search"  	[MsgId: MMSG-26574]
Action.c(56): Detected non-resource "http://localhost:1080/cgi-bin/reservations.pl?page=welcome" in "http://localhost:1080/cgi-bin/welcome.pl?page=search"  	[MsgId: MMSG-26574]
Action.c(56): Found resource "http://localhost:1080/WebTours/images/in_flights.gif" in HTML "http://localhost:1080/cgi-bin/nav.pl?page=menu&in=flights"  	[MsgId: MMSG-26659]
Action.c(56): Resource "http://localhost:1080/WebTours/images/itinerary.gif" is in the cache already and will not be downloaded again  	[MsgId: MMSG-26655]
Action.c(56): Found resource "http://localhost:1080/WebTours/images/home.gif" in HTML "http://localhost:1080/cgi-bin/nav.pl?page=menu&in=flights"  	[MsgId: MMSG-26659]
Action.c(56): Resource "http://localhost:1080/WebTours/images/signoff.gif" is in the cache already and will not be downloaded again  	[MsgId: MMSG-26655]
Action.c(56): Found resource "http://localhost:1080/WebTours/images/button_next.gif" in HTML "http://localhost:1080/cgi-bin/reservations.pl?page=welcome"  	[MsgId: MMSG-26659]
Action.c(56): Registered web_reg_find successful for "Text=Find Flight" (count=1)  	[MsgId: MMSG-26364]
Action.c(56): web_url("welcome.pl") was successful, 8516 body bytes, 1620 header bytes, 43 chunking overhead bytes  	[MsgId: MMSG-26385]
Action.c(66): Notify: Transaction "2_transaction_Flights" ended with a "Pass" status (Duration: 0,1715 Wasted Time: 0,0060).
Action.c(68): lr_think_time: 5,00 seconds.
Action.c(70): Notify: Transaction "3_transaction_Flight_Info" started.
Action.c(72): web_reg_find started  	[MsgId: MMSG-26355]
Action.c(72): Registering web_reg_find was successful  	[MsgId: MMSG-26390]
Action.c(74): web_submit_data("reservations.pl") started  	[MsgId: MMSG-26355]
Action.c(74): Notify: Parameter Substitution: parameter "City_1" =  "Denver"
Action.c(74): Notify: Parameter Substitution: parameter "depart_date" =  "03/27/20"
Action.c(74): Notify: Parameter Substitution: parameter "City_2" =  "Seattle"
Action.c(74): Notify: Parameter Substitution: parameter "arrive_date" =  "04/01/20"
Action.c(74): Notify: Parameter Substitution: parameter "Sit" =  "None"
Action.c(74): Notify: Parameter Substitution: parameter "Class" =  "Business"
Action.c(74): Registered web_reg_find successful for "Text=Find Flight" (count=1)  	[MsgId: MMSG-26364]
Action.c(74): web_submit_data("reservations.pl") was successful, 717 body bytes, 256 header bytes, 12 chunking overhead bytes  	[MsgId: MMSG-26385]
Action.c(98): Notify: Transaction "3_transaction_Flight_Info" ended with a "Pass" status (Duration: 0,0936 Wasted Time: 0,0043).
Action.c(100): lr_think_time: 5,00 seconds.
Action.c(102): Notify: Transaction "4_transaction_Select_Time" started.
Action.c(104): web_reg_find started  	[MsgId: MMSG-26355]
Action.c(104): Registering web_reg_find was successful  	[MsgId: MMSG-26390]
Action.c(106): web_submit_data("reservations.pl_2") started  	[MsgId: MMSG-26355]
Action.c(106): Notify: Parameter Substitution: parameter "Class" =  "Business"
Action.c(106): Notify: Parameter Substitution: parameter "Sit" =  "None"
Action.c(106): Resource "http://localhost:1080/WebTours/images/button_next.gif" is in the cache already and will not be downloaded again  	[MsgId: MMSG-26655]
Action.c(106): Registered web_reg_find successful for "Text=Payment Details" (count=1)  	[MsgId: MMSG-26364]
Action.c(106): web_submit_data("reservations.pl_2") was successful, 2741 body bytes, 256 header bytes, 12 chunking overhead bytes  	[MsgId: MMSG-26385]
Action.c(124): Notify: Transaction "4_transaction_Select_Time" ended with a "Pass" status (Duration: 0,0936 Wasted Time: 0,0041).
Action.c(126): lr_think_time: 5,00 seconds.
Action.c(128): Notify: Transaction "5_transaction_Payment" started.
Action.c(130): web_reg_find started  	[MsgId: MMSG-26355]
Action.c(130): Registering web_reg_find was successful  	[MsgId: MMSG-26390]
Action.c(132): web_submit_data("reservations.pl_3") started  	[MsgId: MMSG-26355]
Action.c(132): Notify: Parameter Substitution: parameter "Name" =  "Paul"
Action.c(132): Notify: Parameter Substitution: parameter "LastName" =  "Pogba"
Action.c(132): Notify: Parameter Substitution: parameter "Street" =  "Pogba Street"
Action.c(132): Notify: Parameter Substitution: parameter "City" =  "Manchester"
Action.c(132): Notify: Parameter Substitution: parameter "Name" =  "Paul"
Action.c(132): Notify: Parameter Substitution: parameter "LastName" =  "Pogba"
Action.c(132): Notify: Parameter Substitution: parameter "CreditCard" =  "1111 2222 3333 4444"
Action.c(132): Notify: Parameter Substitution: parameter "Class" =  "Business"
Action.c(132): Notify: Parameter Substitution: parameter "Sit" =  "None"
Action.c(132): Found resource "http://localhost:1080/WebTours/images/bookanother.gif" in HTML "http://localhost:1080/cgi-bin/reservations.pl"  	[MsgId: MMSG-26659]
Action.c(132): Registered web_reg_find successful for "Text=Invoice" (count=2)  	[MsgId: MMSG-26364]
Action.c(132): web_submit_data("reservations.pl_3") was successful, 3288 body bytes, 742 header bytes, 12 chunking overhead bytes  	[MsgId: MMSG-26385]
Action.c(162): Notify: Transaction "5_transaction_Payment" ended with a "Pass" status (Duration: 0,0930 Wasted Time: 0,0046).
Action.c(164): lr_think_time: 5,00 seconds.
Action.c(166): Notify: Transaction "6_transaction_Logoff" started.
Action.c(168): web_reg_find started  	[MsgId: MMSG-26355]
Action.c(168): Registering web_reg_find was successful  	[MsgId: MMSG-26390]
Action.c(170): web_url("welcome.pl_2") started  	[MsgId: MMSG-26355]
Action.c(170): Detected non-resource "http://localhost:1080/cgi-bin/nav.pl?in=home" in "http://localhost:1080/cgi-bin/welcome.pl?signOff=1"  	[MsgId: MMSG-26574]
Action.c(170): Detected non-resource "http://localhost:1080/WebTours/home.html" in "http://localhost:1080/cgi-bin/welcome.pl?signOff=1"  	[MsgId: MMSG-26574]
Action.c(170): Retrieving data from cache for "http://localhost:1080/WebTours/home.html"  	[MsgId: MMSG-26558]
Action.c(170): Resource "http://localhost:1080/WebTours/images/mer_login.gif" is in the cache already and will not be downloaded again  	[MsgId: MMSG-26655]
Action.c(170): Registered web_reg_find successful for "Text=Welcome to the Web Tours site." (count=1)  	[MsgId: MMSG-26364]
Action.c(170): web_url("welcome.pl_2") was successful, 2176 body bytes, 584 header bytes, 24 chunking overhead bytes  	[MsgId: MMSG-26385]
Action.c(180): Notify: Transaction "6_transaction_Logoff" ended with a "Pass" status (Duration: 0,1247 Wasted Time: 0,0047).
Action.c(182): Notify: Transaction "transaction_Login-Buy-Exit" ended with a "Pass" status (Duration: 26,1384 Think Time: 25,0132 Wasted Time: 0,1221).
Ending action Action.
Ending iteration 1.
Ending Vuser...
Starting action vuser_end.
Ending action vuser_end.
Vuser Terminated.
Vuser 0 (thread 7736), ended OK."
