Virtual User Script started at: 25.03.2020 11:35:19	[MsgId: MMSG-15967]
Starting action vuser_init.	[MsgId: MMSG-15919]
Web Turbo Replay of LoadRunner 12.55.0 for Windows 8.1; build 911 (èþë 24 2017 19:46:00)  	[MsgId: MMSG-26983]
Run mode: HTML  	[MsgId: MMSG-26993]
Replay user agent: Mozilla/5.0 (Windows NT 6.3; Win64; x64) AppleWebKit/537.36 (KHTML, like Gecko) Chrome/80.0.3987.149 Safari/537.36  	[MsgId: MMSG-26988]
Run-Time Settings file: "C:\Users\Armaev\AppData\Local\Temp\lr5tmpdirbzX.38\lrcfgXsB.39\cfgRru.44"  	[MsgId: MMSG-27141]
Vuser directory: "C:\Users\Armaev\Documents\VuGen\Scripts\Script3"  	[MsgId: MMSG-27052]
Vuser output directory: "C:\Users\Armaev\Documents\VuGen\Scripts\Script3"  	[MsgId: MMSG-27050]
Operating system's current working directory: "C:\Users\Armaev\Documents\VuGen\Scripts\Script3"  	[MsgId: MMSG-27048]
UTC (GMT) start date/time   : 2020-03-25 08:35:19  	[MsgId: MMSG-26992]
LOCAL start date/time       : 2020-03-25 11:35:19  	[MsgId: MMSG-26991]
Local daylight-Savings-Time : No  	[MsgId: MMSG-26990]
Some of the Run-Time Settings:  	[MsgId: MMSG-27142]
    Download non-HTML resources: Yes  	[MsgId: MMSG-27018]
    Verification checks: No  	[MsgId: MMSG-27017]
    Convert from/to UTF-8: No  	[MsgId: MMSG-27016]
    Simulate a new user each iteration: Yes  	[MsgId: MMSG-27009]
    Non-critical item errors as warnings: Yes  	[MsgId: MMSG-27008]
    HTTP errors as warnings: No  	[MsgId: MMSG-27007]
    WinInet replay instead of Sockets: No  	[MsgId: MMSG-27006]
    HTTP version: 1.1  	[MsgId: MMSG-27005]
    Keep-Alive HTTP connections: Yes  	[MsgId: MMSG-27004]
    Max self Meta refresh updates: 2  	[MsgId: MMSG-27003]
    No proxy is used (direct connection to the Internet)  	[MsgId: MMSG-27171]
    DNS caching: Yes  	[MsgId: MMSG-27035]
    Simulate browser cache: Yes  	[MsgId: MMSG-27034]
        Cache URLs requiring content (e.g., HTMLs): Yes  	[MsgId: MMSG-27033]
            Additional URLs requiring content: None  	[MsgId: MMSG-27032]
        Check for newer versions every visit to the page: No  	[MsgId: MMSG-27031]
    Page download timeout (sec): 120  	[MsgId: MMSG-27030]
    Resource Page Timeout is a Warning: No  	[MsgId: MMSG-27029]
    ContentCheck enabled: Yes  	[MsgId: MMSG-27028]
    ContentCheck script-level file: "C:\Users\Armaev\AppData\Local\Temp\lr5tmpdirbzX.38\lrcfgXsB.39\LrwiAedScript.xml"  	[MsgId: MMSG-27027]
    Enable Web Page Breakdown: Yes  	[MsgId: MMSG-27026]
    Enable connection data points: Yes  	[MsgId: MMSG-27023]
    Process socket after reschedule: Yes  	[MsgId: MMSG-27022]
    Snapshot on error: No  	[MsgId: MMSG-27021]
    Define each step as a transaction: No  	[MsgId: MMSG-27020]
    Read beyond Content-Length: No  	[MsgId: MMSG-26994]
    Parse HTML Content-Type: TEXT  	[MsgId: MMSG-26999]
    Graph hits per second and HTTP status codes: Yes  	[MsgId: MMSG-26998]
    Graph response bytes per second: Yes  	[MsgId: MMSG-26997]
    Graph pages per second: No  	[MsgId: MMSG-26996]
    Web recorder version ID: 10  	[MsgId: MMSG-26995]
Ending action vuser_init.	[MsgId: MMSG-15918]
Running Vuser...	[MsgId: MMSG-15964]
Starting iteration 1.	[MsgId: MMSG-15968]
Maximum number of concurrent connections per server: 6  	[MsgId: MMSG-26989]
Starting action Action.	[MsgId: MMSG-15919]
Action.c(6): web_url("WebTours") started  	[MsgId: MMSG-26355]
Action.c(6): t=172ms: Connecting [0] to host 127.0.0.1:1080  	[MsgId: MMSG-26000]
Action.c(6): Error -27792: Failed to connect to server "localhost:1080": [10061] Connection refused  	[MsgId: MERR-27792]
Action.c(6): t=1172ms: Closed connection [0] to localhost:1080 after completing 0 request(s)  	[MsgId: MMSG-26000]
Action.c(6): web_url("WebTours") highest severity level was "ERROR", 0 body bytes, 0 header bytes  	[MsgId: MMSG-26388]
Ending action Action.	[MsgId: MMSG-15918]
Ending iteration 1.	[MsgId: MMSG-15965]
Starting iteration 2.	[MsgId: MMSG-15968]
Action.c(6): Resetting all proxy auto-configuration information  	[MsgId: MMSG-26000]
Starting action Action.	[MsgId: MMSG-15919]
Action.c(6): web_url("WebTours") started  	[MsgId: MMSG-26355]
Action.c(6): t=1173ms: Connecting [0] to host 127.0.0.1:1080  	[MsgId: MMSG-26000]
Action.c(6): Error -27792: Failed to connect to server "localhost:1080": [10061] Connection refused  	[MsgId: MERR-27792]
Action.c(6): t=2169ms: Closed connection [0] to localhost:1080 after completing 0 request(s)  	[MsgId: MMSG-26000]
Action.c(6): web_url("WebTours") highest severity level was "ERROR", 0 body bytes, 0 header bytes  	[MsgId: MMSG-26388]
Ending action Action.	[MsgId: MMSG-15918]
Action was aborted.	[MsgId: MMSG-10694]
Ending Vuser...	[MsgId: MMSG-15966]
Starting action vuser_end.	[MsgId: MMSG-15919]
Ending action vuser_end.	[MsgId: MMSG-15918]
Vuser Terminated.	[MsgId: MMSG-15963]
HTML-Mode memory management statistics: Reusable=0, NonReusable=0, CsMemBlockSize=4096, checks disabled  	[MsgId: MMSG-26000]
Vuser 0 (thread 7752), ended OK."	[MsgId: MMSG-10695]
